<?xml version="1.0" encoding="UTF-8"?>
<!-- Generated by org.testng.reporters.JUnitXMLReporter -->
<testsuite ignored="4" hostname="LAPTOP-Q8JJ5APL" failures="1" tests="1" name="Java leaning" time="40.591" errors="0" timestamp="04 Dec 2020 04:29:25 GMT">
  <testcase classname="com.tests.TestHomePage" name="testClickOnSearchBar" time="33.246">
    <failure type="org.openqa.selenium.TimeoutException" message="Expected condition failed: waiting for visibility of [[ChromeDriver: chrome on WINDOWS (fa823912f1dcbda48d5894e4718f34e7)] -&amp;gt; xpath: //*[contains(@class, &amp;quot;yellow aap-primary-search__btn&amp;quot;)]] (tried for 30 second(s) with 500 milliseconds interval)
Build info: version: &amp;apos;3.141.59&amp;apos;, revision: &amp;apos;e82be7d358&amp;apos;, time: &amp;apos;2018-11-14T08:17:03&amp;apos;
System info: host: &amp;apos;LAPTOP-Q8JJ5APL&amp;apos;, ip: &amp;apos;192.168.1.9&amp;apos;, os.name: &amp;apos;Windows 10&amp;apos;, os.arch: &amp;apos;amd64&amp;apos;, os.version: &amp;apos;10.0&amp;apos;, java.version: &amp;apos;11.0.8&amp;apos;
Driver info: org.openqa.selenium.chrome.ChromeDriver
Capabilities {acceptInsecureCerts: false, browserName: chrome, browserVersion: 87.0.4280.66, chrome: {chromedriverVersion: 86.0.4240.22 (398b0743353ff..., userDataDir: C:\Users\malle\AppData\Loca...}, goog:chromeOptions: {debuggerAddress: localhost:61797}, javascriptEnabled: true, networkConnectionEnabled: false, pageLoadStrategy: normal, platform: WINDOWS, platformName: WINDOWS, proxy: Proxy(), setWindowRect: true, strictFileInteractability: false, timeouts: {implicit: 0, pageLoad: 300000, script: 30000}, unhandledPromptBehavior: dismiss and notify, webauthn:virtualAuthenticators: true}
Session ID: fa823912f1dcbda48d5894e4718f34e7">
      <![CDATA[org.openqa.selenium.TimeoutException: Expected condition failed: waiting for visibility of [[ChromeDriver: chrome on WINDOWS (fa823912f1dcbda48d5894e4718f34e7)] -> xpath: //*[contains(@class, "yellow aap-primary-search__btn")]] (tried for 30 second(s) with 500 milliseconds interval)
Build info: version: '3.141.59', revision: 'e82be7d358', time: '2018-11-14T08:17:03'
System info: host: 'LAPTOP-Q8JJ5APL', ip: '192.168.1.9', os.name: 'Windows 10', os.arch: 'amd64', os.version: '10.0', java.version: '11.0.8'
Driver info: org.openqa.selenium.chrome.ChromeDriver
Capabilities {acceptInsecureCerts: false, browserName: chrome, browserVersion: 87.0.4280.66, chrome: {chromedriverVersion: 86.0.4240.22 (398b0743353ff..., userDataDir: C:\Users\malle\AppData\Loca...}, goog:chromeOptions: {debuggerAddress: localhost:61797}, javascriptEnabled: true, networkConnectionEnabled: false, pageLoadStrategy: normal, platform: WINDOWS, platformName: WINDOWS, proxy: Proxy(), setWindowRect: true, strictFileInteractability: false, timeouts: {implicit: 0, pageLoad: 300000, script: 30000}, unhandledPromptBehavior: dismiss and notify, webauthn:virtualAuthenticators: true}
Session ID: fa823912f1dcbda48d5894e4718f34e7
at org.openqa.selenium.support.ui.WebDriverWait.timeoutException(WebDriverWait.java:95)
at org.openqa.selenium.support.ui.FluentWait.until(FluentWait.java:272)
at com.pages.BasePage.waitForElementVisibility(BasePage.java:55)
at com.pages.BasePage.clickUsingJS(BasePage.java:66)
at com.pages.HomePage.clickOnSearchBar(HomePage.java:82)
at com.tests.TestHomePage.testClickOnSearchBar(TestHomePage.java:31)
at java.base/java.util.concurrent.FutureTask.run(FutureTask.java:264)
at java.base/java.util.concurrent.ThreadPoolExecutor.runWorker(ThreadPoolExecutor.java:1128)
at java.base/java.util.concurrent.ThreadPoolExecutor$Worker.run(ThreadPoolExecutor.java:628)
at java.base/java.lang.Thread.run(Thread.java:834)
... Removed 16 stack frames]]>
    </failure>
  </testcase> <!-- testClickOnSearchBar -->
  <testcase classname="com.tests.TestHomePage" name="testValidatePlaceHolder" time="0.0">
    <ignored/>
  </testcase> <!-- testValidatePlaceHolder -->
  <testcase classname="com.tests.TestHomePage" name="testClickOnLogo" time="0.0">
    <ignored/>
  </testcase> <!-- testClickOnLogo -->
  <testcase classname="com.tests.TestHomePage" name="testClickOnAddressCheckBox" time="0.0">
    <ignored/>
  </testcase> <!-- testClickOnAddressCheckBox -->
  <testcase classname="com.tests.TestHomePage" name="testAddVehicle" time="0.0">
    <ignored/>
  </testcase> <!-- testAddVehicle -->
</testsuite> <!-- Java leaning -->
